2024-06-13T10:56:17.034+01:00  INFO 2356 --- [fit-femme] [restartedMain] es.fit.femme.FitFemmeApplication         : Starting FitFemmeApplication using Java 17.0.11 with PID 2356 (C:\Users\melru\Documents\GitHub\fit-femme\fit-femmev2\target\classes started by melru in C:\Users\melru\Documents\GitHub\fit-femme\fit-femmev2)
2024-06-13T10:56:17.036+01:00  INFO 2356 --- [fit-femme] [restartedMain] es.fit.femme.FitFemmeApplication         : No active profile set, falling back to 1 default profile: "default"
2024-06-13T10:56:17.058+01:00  INFO 2356 --- [fit-femme] [restartedMain] .e.DevToolsPropertyDefaultsPostProcessor : Devtools property defaults active! Set 'spring.devtools.add-properties' to 'false' to disable
2024-06-13T10:56:17.059+01:00  INFO 2356 --- [fit-femme] [restartedMain] .e.DevToolsPropertyDefaultsPostProcessor : For additional web related logging consider setting the 'logging.level.web' property to 'DEBUG'
2024-06-13T10:56:17.398+01:00  INFO 2356 --- [fit-femme] [restartedMain] .s.d.r.c.RepositoryConfigurationDelegate : Bootstrapping Spring Data JPA repositories in DEFAULT mode.
2024-06-13T10:56:17.434+01:00  INFO 2356 --- [fit-femme] [restartedMain] .s.d.r.c.RepositoryConfigurationDelegate : Finished Spring Data repository scanning in 33 ms. Found 4 JPA repository interfaces.
2024-06-13T10:56:17.728+01:00  INFO 2356 --- [fit-femme] [restartedMain] o.s.b.w.embedded.tomcat.TomcatWebServer  : Tomcat initialized with port 8080 (http)
2024-06-13T10:56:17.735+01:00  INFO 2356 --- [fit-femme] [restartedMain] o.apache.catalina.core.StandardService   : Starting service [Tomcat]
2024-06-13T10:56:17.736+01:00  INFO 2356 --- [fit-femme] [restartedMain] o.apache.catalina.core.StandardEngine    : Starting Servlet engine: [Apache Tomcat/10.1.24]
2024-06-13T10:56:17.763+01:00  INFO 2356 --- [fit-femme] [restartedMain] o.a.c.c.C.[.[localhost].[/api-rest]      : Initializing Spring embedded WebApplicationContext
2024-06-13T10:56:17.763+01:00  INFO 2356 --- [fit-femme] [restartedMain] w.s.c.ServletWebServerApplicationContext : Root WebApplicationContext: initialization completed in 703 ms
2024-06-13T10:56:17.841+01:00  INFO 2356 --- [fit-femme] [restartedMain] o.hibernate.jpa.internal.util.LogHelper  : HHH000204: Processing PersistenceUnitInfo [name: default]
2024-06-13T10:56:17.868+01:00  INFO 2356 --- [fit-femme] [restartedMain] org.hibernate.Version                    : HHH000412: Hibernate ORM core version 6.5.2.Final
2024-06-13T10:56:17.885+01:00  INFO 2356 --- [fit-femme] [restartedMain] o.h.c.internal.RegionFactoryInitiator    : HHH000026: Second-level cache disabled
2024-06-13T10:56:18.029+01:00  INFO 2356 --- [fit-femme] [restartedMain] o.s.o.j.p.SpringPersistenceUnitInfo      : No LoadTimeWeaver setup: ignoring JPA class transformer
2024-06-13T10:56:18.046+01:00  INFO 2356 --- [fit-femme] [restartedMain] com.zaxxer.hikari.HikariDataSource       : HikariPool-1 - Starting...
2024-06-13T10:56:18.131+01:00  INFO 2356 --- [fit-femme] [restartedMain] com.zaxxer.hikari.pool.HikariPool        : HikariPool-1 - Added connection org.sqlite.jdbc4.JDBC4Connection@5383c550
2024-06-13T10:56:18.133+01:00  INFO 2356 --- [fit-femme] [restartedMain] com.zaxxer.hikari.HikariDataSource       : HikariPool-1 - Start completed.
2024-06-13T10:56:18.633+01:00  INFO 2356 --- [fit-femme] [restartedMain] o.h.e.t.j.p.i.JtaPlatformInitiator       : HHH000489: No JTA platform available (set 'hibernate.transaction.jta.platform' to enable JTA platform integration)
2024-06-13T10:56:18.650+01:00  INFO 2356 --- [fit-femme] [restartedMain] j.LocalContainerEntityManagerFactoryBean : Initialized JPA EntityManagerFactory for persistence unit 'default'
2024-06-13T10:56:18.851+01:00  WARN 2356 --- [fit-femme] [restartedMain] JpaBaseConfiguration$JpaWebConfiguration : spring.jpa.open-in-view is enabled by default. Therefore, database queries may be performed during view rendering. Explicitly configure spring.jpa.open-in-view to disable this warning
2024-06-13T10:56:18.894+01:00  INFO 2356 --- [fit-femme] [restartedMain] o.s.b.a.w.s.WelcomePageHandlerMapping    : Adding welcome page: class path resource [static/index.html]
2024-06-13T10:56:18.984+01:00  INFO 2356 --- [fit-femme] [restartedMain] o.s.s.web.DefaultSecurityFilterChain     : Will secure any request with [org.springframework.security.web.session.DisableEncodeUrlFilter@461cc15d, org.springframework.security.web.context.request.async.WebAsyncManagerIntegrationFilter@5d788e33, org.springframework.security.web.context.SecurityContextHolderFilter@1882fc04, org.springframework.security.web.header.HeaderWriterFilter@7d484f2c, org.springframework.security.web.authentication.logout.LogoutFilter@6e5a50e4, es.fit.femme.security.jwt.JwtAuthenticationFilter@6c44d57b, org.springframework.security.web.savedrequest.RequestCacheAwareFilter@185881cd, org.springframework.security.web.servletapi.SecurityContextHolderAwareRequestFilter@30d0c046, org.springframework.security.web.authentication.AnonymousAuthenticationFilter@6ec4767a, org.springframework.security.web.session.SessionManagementFilter@39fd1817, org.springframework.security.web.access.ExceptionTranslationFilter@1463f1a2, org.springframework.security.web.access.intercept.AuthorizationFilter@437b0085]
2024-06-13T10:56:19.093+01:00  INFO 2356 --- [fit-femme] [restartedMain] o.s.b.d.a.OptionalLiveReloadServer       : LiveReload server is running on port 35729
2024-06-13T10:56:19.107+01:00  INFO 2356 --- [fit-femme] [restartedMain] o.s.b.w.embedded.tomcat.TomcatWebServer  : Tomcat started on port 8080 (http) with context path '/api-rest'
2024-06-13T10:56:19.112+01:00  INFO 2356 --- [fit-femme] [restartedMain] es.fit.femme.FitFemmeApplication         : Started FitFemmeApplication in 2.28 seconds (process running for 2.519)
2024-06-13T10:56:27.500+01:00  INFO 2356 --- [fit-femme] [http-nio-8080-exec-1] o.a.c.c.C.[.[localhost].[/api-rest]      : Initializing Spring DispatcherServlet 'dispatcherServlet'
2024-06-13T10:56:27.501+01:00  INFO 2356 --- [fit-femme] [http-nio-8080-exec-1] o.s.web.servlet.DispatcherServlet        : Initializing Servlet 'dispatcherServlet'
2024-06-13T10:56:27.502+01:00  INFO 2356 --- [fit-femme] [http-nio-8080-exec-1] o.s.web.servlet.DispatcherServlet        : Completed initialization in 0 ms
2024-06-13T11:00:27.633+01:00  INFO 2356 --- [fit-femme] [SpringApplicationShutdownHook] j.LocalContainerEntityManagerFactoryBean : Closing JPA EntityManagerFactory for persistence unit 'default'
2024-06-13T11:00:27.635+01:00  INFO 2356 --- [fit-femme] [SpringApplicationShutdownHook] com.zaxxer.hikari.HikariDataSource       : HikariPool-1 - Shutdown initiated...
2024-06-13T11:00:27.636+01:00  INFO 2356 --- [fit-femme] [SpringApplicationShutdownHook] com.zaxxer.hikari.HikariDataSource       : HikariPool-1 - Shutdown completed.
2024-06-13T11:00:33.556+01:00  INFO 2964 --- [fit-femme] [restartedMain] es.fit.femme.FitFemmeApplication         : Starting FitFemmeApplication using Java 17.0.11 with PID 2964 (C:\Users\melru\Documents\GitHub\fit-femme\fit-femmev2\target\classes started by melru in C:\Users\melru\Documents\GitHub\fit-femme\fit-femmev2)
2024-06-13T11:00:33.558+01:00  INFO 2964 --- [fit-femme] [restartedMain] es.fit.femme.FitFemmeApplication         : No active profile set, falling back to 1 default profile: "default"
2024-06-13T11:00:33.582+01:00  INFO 2964 --- [fit-femme] [restartedMain] .e.DevToolsPropertyDefaultsPostProcessor : Devtools property defaults active! Set 'spring.devtools.add-properties' to 'false' to disable
2024-06-13T11:00:33.582+01:00  INFO 2964 --- [fit-femme] [restartedMain] .e.DevToolsPropertyDefaultsPostProcessor : For additional web related logging consider setting the 'logging.level.web' property to 'DEBUG'
2024-06-13T11:00:33.925+01:00  INFO 2964 --- [fit-femme] [restartedMain] .s.d.r.c.RepositoryConfigurationDelegate : Bootstrapping Spring Data JPA repositories in DEFAULT mode.
2024-06-13T11:00:33.965+01:00  INFO 2964 --- [fit-femme] [restartedMain] .s.d.r.c.RepositoryConfigurationDelegate : Finished Spring Data repository scanning in 35 ms. Found 4 JPA repository interfaces.
2024-06-13T11:00:34.273+01:00  INFO 2964 --- [fit-femme] [restartedMain] o.s.b.w.embedded.tomcat.TomcatWebServer  : Tomcat initialized with port 8080 (http)
2024-06-13T11:00:34.279+01:00  INFO 2964 --- [fit-femme] [restartedMain] o.apache.catalina.core.StandardService   : Starting service [Tomcat]
2024-06-13T11:00:34.279+01:00  INFO 2964 --- [fit-femme] [restartedMain] o.apache.catalina.core.StandardEngine    : Starting Servlet engine: [Apache Tomcat/10.1.24]
2024-06-13T11:00:34.310+01:00  INFO 2964 --- [fit-femme] [restartedMain] o.a.c.c.C.[.[localhost].[/api-rest]      : Initializing Spring embedded WebApplicationContext
2024-06-13T11:00:34.310+01:00  INFO 2964 --- [fit-femme] [restartedMain] w.s.c.ServletWebServerApplicationContext : Root WebApplicationContext: initialization completed in 728 ms
2024-06-13T11:00:34.388+01:00  INFO 2964 --- [fit-femme] [restartedMain] o.hibernate.jpa.internal.util.LogHelper  : HHH000204: Processing PersistenceUnitInfo [name: default]
2024-06-13T11:00:34.416+01:00  INFO 2964 --- [fit-femme] [restartedMain] org.hibernate.Version                    : HHH000412: Hibernate ORM core version 6.5.2.Final
2024-06-13T11:00:34.433+01:00  INFO 2964 --- [fit-femme] [restartedMain] o.h.c.internal.RegionFactoryInitiator    : HHH000026: Second-level cache disabled
2024-06-13T11:00:34.586+01:00  INFO 2964 --- [fit-femme] [restartedMain] o.s.o.j.p.SpringPersistenceUnitInfo      : No LoadTimeWeaver setup: ignoring JPA class transformer
2024-06-13T11:00:34.603+01:00  INFO 2964 --- [fit-femme] [restartedMain] com.zaxxer.hikari.HikariDataSource       : HikariPool-1 - Starting...
2024-06-13T11:00:34.692+01:00  INFO 2964 --- [fit-femme] [restartedMain] com.zaxxer.hikari.pool.HikariPool        : HikariPool-1 - Added connection org.sqlite.jdbc4.JDBC4Connection@284dae39
2024-06-13T11:00:34.693+01:00  INFO 2964 --- [fit-femme] [restartedMain] com.zaxxer.hikari.HikariDataSource       : HikariPool-1 - Start completed.
2024-06-13T11:00:35.217+01:00  INFO 2964 --- [fit-femme] [restartedMain] o.h.e.t.j.p.i.JtaPlatformInitiator       : HHH000489: No JTA platform available (set 'hibernate.transaction.jta.platform' to enable JTA platform integration)
2024-06-13T11:00:35.236+01:00  INFO 2964 --- [fit-femme] [restartedMain] j.LocalContainerEntityManagerFactoryBean : Initialized JPA EntityManagerFactory for persistence unit 'default'
2024-06-13T11:00:35.428+01:00  WARN 2964 --- [fit-femme] [restartedMain] JpaBaseConfiguration$JpaWebConfiguration : spring.jpa.open-in-view is enabled by default. Therefore, database queries may be performed during view rendering. Explicitly configure spring.jpa.open-in-view to disable this warning
2024-06-13T11:00:35.472+01:00  INFO 2964 --- [fit-femme] [restartedMain] o.s.b.a.w.s.WelcomePageHandlerMapping    : Adding welcome page: class path resource [static/index.html]
2024-06-13T11:00:35.561+01:00  INFO 2964 --- [fit-femme] [restartedMain] o.s.s.web.DefaultSecurityFilterChain     : Will secure any request with [org.springframework.security.web.session.DisableEncodeUrlFilter@634d088, org.springframework.security.web.context.request.async.WebAsyncManagerIntegrationFilter@1dd6e5a5, org.springframework.security.web.context.SecurityContextHolderFilter@5fa9b43d, org.springframework.security.web.header.HeaderWriterFilter@5cbbd1af, org.springframework.security.web.authentication.logout.LogoutFilter@5987dd1d, es.fit.femme.security.jwt.JwtAuthenticationFilter@31a593a2, org.springframework.security.web.savedrequest.RequestCacheAwareFilter@6d02f7d7, org.springframework.security.web.servletapi.SecurityContextHolderAwareRequestFilter@654a020a, org.springframework.security.web.authentication.AnonymousAuthenticationFilter@1f9c163e, org.springframework.security.web.session.SessionManagementFilter@561b79f3, org.springframework.security.web.access.ExceptionTranslationFilter@4a473e3b, org.springframework.security.web.access.intercept.AuthorizationFilter@58d86437]
2024-06-13T11:00:35.666+01:00  INFO 2964 --- [fit-femme] [restartedMain] o.s.b.d.a.OptionalLiveReloadServer       : LiveReload server is running on port 35729
2024-06-13T11:00:35.680+01:00  INFO 2964 --- [fit-femme] [restartedMain] o.s.b.w.embedded.tomcat.TomcatWebServer  : Tomcat started on port 8080 (http) with context path '/api-rest'
2024-06-13T11:00:35.685+01:00  INFO 2964 --- [fit-femme] [restartedMain] es.fit.femme.FitFemmeApplication         : Started FitFemmeApplication in 2.336 seconds (process running for 2.549)
2024-06-13T11:00:47.562+01:00  INFO 2964 --- [fit-femme] [http-nio-8080-exec-2] o.a.c.c.C.[.[localhost].[/api-rest]      : Initializing Spring DispatcherServlet 'dispatcherServlet'
2024-06-13T11:00:47.562+01:00  INFO 2964 --- [fit-femme] [http-nio-8080-exec-2] o.s.web.servlet.DispatcherServlet        : Initializing Servlet 'dispatcherServlet'
2024-06-13T11:00:47.563+01:00  INFO 2964 --- [fit-femme] [http-nio-8080-exec-2] o.s.web.servlet.DispatcherServlet        : Completed initialization in 1 ms
